# JRE version: OpenJDK Runtime Environment Corretto-17.0.7.7.1 (17.0.7+7) (build 17.0.7+7-LTS)
# Java VM: OpenJDK 64-Bit Server VM Corretto-17.0.7.7.1 (17.0.7+7-LTS, mixed mode, sharing, tiered, compressed oops, compressed class ptrs, g1 gc, windows-amd64)
GC Precious Log:
 CPUs: 12 total, 12 available
 Memory: 16128M
 Large Page Support: Disabled
 NUMA Support: Disabled
 Compressed Oops: Enabled (Zero based)
 Heap Region Size: 2M
 Heap Min Capacity: 8M
 Heap Initial Capacity: 254M
 Heap Max Capacity: 4034M
 Pre-touch: Disabled
 Parallel Workers: 10
 Concurrent Workers: 3
 Concurrent Refinement Workers: 10
 Periodic GC: Disabled
Heap:
 garbage-first heap   total 780288K, used 312781K [0x0000000703e00000, 0x0000000800000000)
  region size 2048K, 8 young (16384K), 8 survivors (16384K)
 Metaspace       used 863K, committed 1088K, reserved 1114112K
  class space    used 73K, committed 192K, reserved 1048576K
GC Heap History (17 events):
Event: 0.103 GC heap before
{Heap before GC invocations=0 (full 0):
 garbage-first heap   total 260096K, used 22528K [0x0000000703e00000, 0x0000000800000000)
  region size 2048K, 11 young (22528K), 0 survivors (0K)
 Metaspace       used 863K, committed 1088K, reserved 1114112K
  class space    used 73K, committed 192K, reserved 1048576K
}
Event: 0.108 GC heap after
{Heap after GC invocations=1 (full 0):
 garbage-first heap   total 260096K, used 9018K [0x0000000703e00000, 0x0000000800000000)
  region size 2048K, 2 young (4096K), 2 survivors (4096K)
 Metaspace       used 863K, committed 1088K, reserved 1114112K
  class space    used 73K, committed 192K, reserved 1048576K
}
Event: 0.116 GC heap before
{Heap before GC invocations=1 (full 0):
 garbage-first heap   total 260096K, used 25402K [0x0000000703e00000, 0x0000000800000000)
  region size 2048K, 10 young (20480K), 2 survivors (4096K)
 Metaspace       used 863K, committed 1088K, reserved 1114112K
  class space    used 73K, committed 192K, reserved 1048576K
}
Event: 0.121 GC heap after
{Heap after GC invocations=2 (full 0):
 garbage-first heap   total 260096K, used 17522K [0x0000000703e00000, 0x0000000800000000)
  region size 2048K, 2 young (4096K), 2 survivors (4096K)
 Metaspace       used 863K, committed 1088K, reserved 1114112K
  class space    used 73K, committed 192K, reserved 1048576K
}
Event: 0.126 GC heap before
{Heap before GC invocations=2 (full 0):
 garbage-first heap   total 260096K, used 40050K [0x0000000703e00000, 0x0000000800000000)
  region size 2048K, 11 young (22528K), 2 survivors (4096K)
 Metaspace       used 863K, committed 1088K, reserved 1114112K
  class space    used 73K, committed 192K, reserved 1048576K
}
Event: 0.132 GC heap after
{Heap after GC invocations=3 (full 0):
 garbage-first heap   total 260096K, used 31594K [0x0000000703e00000, 0x0000000800000000)
  region size 2048K, 2 young (4096K), 2 survivors (4096K)
 Metaspace       used 863K, committed 1088K, reserved 1114112K
  class space    used 73K, committed 192K, reserved 1048576K
}
Event: 0.149 GC heap before
{Heap before GC invocations=3 (full 0):
 garbage-first heap   total 260096K, used 82794K [0x0000000703e00000, 0x0000000800000000)
  region size 2048K, 22 young (45056K), 2 survivors (4096K)
 Metaspace       used 863K, committed 1088K, reserved 1114112K
  class space    used 73K, committed 192K, reserved 1048576K
}
Event: 0.167 GC heap after
{Heap after GC invocations=4 (full 0):
 garbage-first heap   total 260096K, used 63082K [0x0000000703e00000, 0x0000000800000000)
  region size 2048K, 3 young (6144K), 3 survivors (6144K)
 Metaspace       used 863K, committed 1088K, reserved 1114112K
  class space    used 73K, committed 192K, reserved 1048576K
}
Event: 0.180 GC heap before
{Heap before GC invocations=4 (full 0):
 garbage-first heap   total 260096K, used 112234K [0x0000000703e00000, 0x0000000800000000)
  region size 2048K, 23 young (47104K), 3 survivors (6144K)
 Metaspace       used 863K, committed 1088K, reserved 1114112K
  class space    used 73K, committed 192K, reserved 1048576K
}
Event: 0.201 GC heap after
{Heap after GC invocations=5 (full 0):
 garbage-first heap   total 780288K, used 93217K [0x0000000703e00000, 0x0000000800000000)
  region size 2048K, 3 young (6144K), 3 survivors (6144K)
 Metaspace       used 863K, committed 1088K, reserved 1114112K
  class space    used 73K, committed 192K, reserved 1048576K
}
Event: 0.230 GC heap before
{Heap before GC invocations=5 (full 0):
 garbage-first heap   total 780288K, used 158753K [0x0000000703e00000, 0x0000000800000000)
  region size 2048K, 29 young (59392K), 3 survivors (6144K)
 Metaspace       used 863K, committed 1088K, reserved 1114112K
  class space    used 73K, committed 192K, reserved 1048576K
}
Event: 0.244 GC heap after
{Heap after GC invocations=6 (full 0):
 garbage-first heap   total 780288K, used 134278K [0x0000000703e00000, 0x0000000800000000)
  region size 2048K, 4 young (8192K), 4 survivors (8192K)
 Metaspace       used 863K, committed 1088K, reserved 1114112K
  class space    used 73K, committed 192K, reserved 1048576K
}
Event: 0.262 GC heap before
{Heap before GC invocations=6 (full 0):
 garbage-first heap   total 780288K, used 199814K [0x0000000703e00000, 0x0000000800000000)
  region size 2048K, 36 young (73728K), 4 survivors (8192K)
 Metaspace       used 863K, committed 1088K, reserved 1114112K
  class space    used 73K, committed 192K, reserved 1048576K
}
Event: 0.276 GC heap after
{Heap after GC invocations=7 (full 0):
 garbage-first heap   total 780288K, used 169331K [0x0000000703e00000, 0x0000000800000000)
  region size 2048K, 5 young (10240K), 5 survivors (10240K)
 Metaspace       used 863K, committed 1088K, reserved 1114112K
  class space    used 73K, committed 192K, reserved 1048576K
}
Event: 0.311 GC heap before
{Heap before GC invocations=7 (full 0):
 garbage-first heap   total 780288K, used 269683K [0x0000000703e00000, 0x0000000800000000)
  region size 2048K, 46 young (94208K), 5 survivors (10240K)
 Metaspace       used 863K, committed 1088K, reserved 1114112K
  class space    used 73K, committed 192K, reserved 1048576K
}
Event: 0.330 GC heap after
{Heap after GC invocations=8 (full 0):
 garbage-first heap   total 780288K, used 230529K [0x0000000703e00000, 0x0000000800000000)
  region size 2048K, 6 young (12288K), 6 survivors (12288K)
 Metaspace       used 863K, committed 1088K, reserved 1114112K
  class space    used 73K, committed 192K, reserved 1048576K
}
Event: 0.365 GC heap before
{Heap before GC invocations=8 (full 0):
 garbage-first heap   total 780288K, used 363649K [0x0000000703e00000, 0x0000000800000000)
  region size 2048K, 59 young (120832K), 6 survivors (12288K)
 Metaspace       used 863K, committed 1088K, reserved 1114112K
  class space    used 73K, committed 192K, reserved 1048576K
}

