# JRE version: OpenJDK Runtime Environment Corretto-17.0.7.7.1 (17.0.7+7) (build 17.0.7+7-LTS)
# Java VM: OpenJDK 64-Bit Server VM Corretto-17.0.7.7.1 (17.0.7+7-LTS, mixed mode, sharing, tiered, compressed oops, compressed class ptrs, g1 gc, windows-amd64)
GC Precious Log:
 CPUs: 12 total, 12 available
 Memory: 16128M
 Large Page Support: Disabled
 NUMA Support: Disabled
 Compressed Oops: Enabled (Zero based)
 Heap Region Size: 2M
 Heap Min Capacity: 8M
 Heap Initial Capacity: 254M
 Heap Max Capacity: 4034M
 Pre-touch: Disabled
 Parallel Workers: 10
 Concurrent Workers: 3
 Concurrent Refinement Workers: 10
 Periodic GC: Disabled
Heap:
 garbage-first heap   total 780288K, used 313344K [0x0000000703e00000, 0x0000000800000000)
  region size 2048K, 8 young (16384K), 8 survivors (16384K)
 Metaspace       used 864K, committed 1088K, reserved 1114112K
  class space    used 73K, committed 192K, reserved 1048576K
GC Heap History (17 events):
Event: 0.095 GC heap before
{Heap before GC invocations=0 (full 0):
 garbage-first heap   total 260096K, used 22528K [0x0000000703e00000, 0x0000000800000000)
  region size 2048K, 11 young (22528K), 0 survivors (0K)
 Metaspace       used 864K, committed 1088K, reserved 1114112K
  class space    used 73K, committed 192K, reserved 1048576K
}
Event: 0.100 GC heap after
{Heap after GC invocations=1 (full 0):
 garbage-first heap   total 260096K, used 9032K [0x0000000703e00000, 0x0000000800000000)
  region size 2048K, 2 young (4096K), 2 survivors (4096K)
 Metaspace       used 864K, committed 1088K, reserved 1114112K
  class space    used 73K, committed 192K, reserved 1048576K
}
Event: 0.107 GC heap before
{Heap before GC invocations=1 (full 0):
 garbage-first heap   total 260096K, used 25416K [0x0000000703e00000, 0x0000000800000000)
  region size 2048K, 10 young (20480K), 2 survivors (4096K)
 Metaspace       used 864K, committed 1088K, reserved 1114112K
  class space    used 73K, committed 192K, reserved 1048576K
}
Event: 0.112 GC heap after
{Heap after GC invocations=2 (full 0):
 garbage-first heap   total 260096K, used 17847K [0x0000000703e00000, 0x0000000800000000)
  region size 2048K, 2 young (4096K), 2 survivors (4096K)
 Metaspace       used 864K, committed 1088K, reserved 1114112K
  class space    used 73K, committed 192K, reserved 1048576K
}
Event: 0.118 GC heap before
{Heap before GC invocations=2 (full 0):
 garbage-first heap   total 260096K, used 40375K [0x0000000703e00000, 0x0000000800000000)
  region size 2048K, 11 young (22528K), 2 survivors (4096K)
 Metaspace       used 864K, committed 1088K, reserved 1114112K
  class space    used 73K, committed 192K, reserved 1048576K
}
Event: 0.125 GC heap after
{Heap after GC invocations=3 (full 0):
 garbage-first heap   total 260096K, used 31608K [0x0000000703e00000, 0x0000000800000000)
  region size 2048K, 2 young (4096K), 2 survivors (4096K)
 Metaspace       used 864K, committed 1088K, reserved 1114112K
  class space    used 73K, committed 192K, reserved 1048576K
}
Event: 0.142 GC heap before
{Heap before GC invocations=3 (full 0):
 garbage-first heap   total 260096K, used 82808K [0x0000000703e00000, 0x0000000800000000)
  region size 2048K, 22 young (45056K), 2 survivors (4096K)
 Metaspace       used 864K, committed 1088K, reserved 1114112K
  class space    used 73K, committed 192K, reserved 1048576K
}
Event: 0.157 GC heap after
{Heap after GC invocations=4 (full 0):
 garbage-first heap   total 260096K, used 63086K [0x0000000703e00000, 0x0000000800000000)
  region size 2048K, 3 young (6144K), 3 survivors (6144K)
 Metaspace       used 864K, committed 1088K, reserved 1114112K
  class space    used 73K, committed 192K, reserved 1048576K
}
Event: 0.168 GC heap before
{Heap before GC invocations=4 (full 0):
 garbage-first heap   total 260096K, used 112238K [0x0000000703e00000, 0x0000000800000000)
  region size 2048K, 23 young (47104K), 3 survivors (6144K)
 Metaspace       used 864K, committed 1088K, reserved 1114112K
  class space    used 73K, committed 192K, reserved 1048576K
}
Event: 0.190 GC heap after
{Heap after GC invocations=5 (full 0):
 garbage-first heap   total 780288K, used 93746K [0x0000000703e00000, 0x0000000800000000)
  region size 2048K, 3 young (6144K), 3 survivors (6144K)
 Metaspace       used 864K, committed 1088K, reserved 1114112K
  class space    used 73K, committed 192K, reserved 1048576K
}
Event: 0.220 GC heap before
{Heap before GC invocations=5 (full 0):
 garbage-first heap   total 780288K, used 159282K [0x0000000703e00000, 0x0000000800000000)
  region size 2048K, 29 young (59392K), 3 survivors (6144K)
 Metaspace       used 864K, committed 1088K, reserved 1114112K
  class space    used 73K, committed 192K, reserved 1048576K
}
Event: 0.235 GC heap after
{Heap after GC invocations=6 (full 0):
 garbage-first heap   total 780288K, used 134665K [0x0000000703e00000, 0x0000000800000000)
  region size 2048K, 4 young (8192K), 4 survivors (8192K)
 Metaspace       used 864K, committed 1088K, reserved 1114112K
  class space    used 73K, committed 192K, reserved 1048576K
}
Event: 0.250 GC heap before
{Heap before GC invocations=6 (full 0):
 garbage-first heap   total 780288K, used 200201K [0x0000000703e00000, 0x0000000800000000)
  region size 2048K, 36 young (73728K), 4 survivors (8192K)
 Metaspace       used 864K, committed 1088K, reserved 1114112K
  class space    used 73K, committed 192K, reserved 1048576K
}
Event: 0.264 GC heap after
{Heap after GC invocations=7 (full 0):
 garbage-first heap   total 780288K, used 169795K [0x0000000703e00000, 0x0000000800000000)
  region size 2048K, 5 young (10240K), 5 survivors (10240K)
 Metaspace       used 864K, committed 1088K, reserved 1114112K
  class space    used 73K, committed 192K, reserved 1048576K
}
Event: 0.293 GC heap before
{Heap before GC invocations=7 (full 0):
 garbage-first heap   total 780288K, used 270147K [0x0000000703e00000, 0x0000000800000000)
  region size 2048K, 46 young (94208K), 5 survivors (10240K)
 Metaspace       used 864K, committed 1088K, reserved 1114112K
  class space    used 73K, committed 192K, reserved 1048576K
}
Event: 0.310 GC heap after
{Heap after GC invocations=8 (full 0):
 garbage-first heap   total 780288K, used 231424K [0x0000000703e00000, 0x0000000800000000)
  region size 2048K, 6 young (12288K), 6 survivors (12288K)
 Metaspace       used 864K, committed 1088K, reserved 1114112K
  class space    used 73K, committed 192K, reserved 1048576K
}
Event: 0.341 GC heap before
{Heap before GC invocations=8 (full 0):
 garbage-first heap   total 780288K, used 364544K [0x0000000703e00000, 0x0000000800000000)
  region size 2048K, 59 young (120832K), 6 survivors (12288K)
 Metaspace       used 864K, committed 1088K, reserved 1114112K
  class space    used 73K, committed 192K, reserved 1048576K
}

